
ROM used:   251/8192 (3%)
            251/8192 (3%) including unused fragments

            0.4 Average locations per line
            4.3 Average locations per statement

RAM used:   10/368 (3%) at main() level
            12/368 (3%) worst case

Stack used: 1 worst case (1 in main + 0 for interrupts)
Stack size: 8

Lines Stmts  %   Files
----- ----- ---  -----
   83    58 100  Controlador-Pulsos.c
   25     0   0  Controlador-Pulsos.h
  589     0   0  ..\..\..\..\Program Files (x86)\PICC\Devices\16F876.h
----- -----
  697    58 Total

Page ROM  %  RAM    Vol Diff  Functions:
---- --- --- ---    --- ----  ----------
0     20   8    1             @delay_ms1
0     81  32    0    486  5.2  ihm_buttons
0    146  58    1    848  6.3  MAIN
 Inline         0             @cinit1

Program metrics:
    Functions               2
    Statements              58
    Comments                105
    Volume (V)              1555
    Difficulty (D)          11.3
    Effort to implement (E) 17530
    Time to implement (T)   16 minutes
    Est Delivered Bugs (B)  0
    Cyclomatic Complexity   9
    Maintainability (MI)    32

 Segment     Used  Free
-----------  ----  ----
00000-00003     4  0  
00004-007FF   247  1797  
00800-00FFF     0  2048  
01000-017FF     0  2048  
01800-01FFF     0  2048  



